<?xml version="1.0" encoding="UTF-8"?>
<!-- Generated by org.testng.reporters.JUnitXMLReporter -->
<testsuite hostname="KiranKumar" ignored="0" name="Test" tests="4" failures="0" timestamp="2021-10-22T08:07:48 CDT" time="2.416" errors="0">
  <testcase name="test_addNewVideoGame" time="2.256" classname="com.videogame.testcases.TC_VideoGamesAPI"/>
  <testcase name="test_getVideoGameOfSpecificID" time="0.066" classname="com.videogame.testcases.TC_VideoGamesAPI"/>
  <testcase name="test_UpdateVideoGame" time="0.029" classname="com.videogame.testcases.TC_VideoGamesAPI"/>
  <testcase name="test_DeleteVideoGame" time="0.022" classname="com.videogame.testcases.TC_VideoGamesAPI"/>
</testsuite> <!-- Test -->
